#
# There is insufficient memory for the Java Runtime Environment to continue.
# Native memory allocation (malloc) failed to allocate 1048576 bytes for AllocateHeap
# Possible reasons:
#   The system is out of physical RAM or swap space
#   In 32 bit mode, the process size limit was hit
# Possible solutions:
#   Reduce memory load on the system
#   Increase physical memory or swap space
#   Check if swap backing store is full
#   Use 64 bit Java on a 64 bit OS
#   Decrease Java heap size (-Xmx/-Xms)
#   Decrease number of Java threads
#   Decrease Java thread stack sizes (-Xss)
#   Set larger code cache with -XX:ReservedCodeCacheSize=
# This output file may be truncated or incomplete.
#
#  Out of Memory Error (memory/allocation.inline.hpp:61), pid=5924, tid=0x0000000000000ac0
#
# JRE version:  (8.0_152-b01) (build )
# Java VM: OpenJDK 64-Bit Server VM (25.152-b01 mixed mode windows-amd64 compressed oops)
# Failed to write core dump. Minidumps are not enabled by default on client versions of Windows
#

---------------  T H R E A D  ---------------

Current thread (0x0000000002902800):  JavaThread "Unknown thread" [_thread_in_vm, id=2752, stack(0x00000000027f0000,0x00000000028f0000)]

Stack: [0x00000000027f0000,0x00000000028f0000]
[error occurred during error reporting (printing stack bounds), id 0xc0000005]

Native frames: (J=compiled Java code, j=interpreted, Vv=VM code, C=native code)


---------------  P R O C E S S  ---------------

Java Threads: ( => current thread )

Other Threads:

=>0x0000000002902800 (exited) JavaThread "Unknown thread" [_thread_in_vm, id=2752, stack(0x00000000027f0000,0x00000000028f0000)]

VM state:not at safepoint (normal execution)

VM Mutex/Monitor currently owned by a thread: None

Heap:
 PSYoungGen      total 75776K, used 1300K [0x000000076bb80000, 0x0000000771000000, 0x00000007c0000000)
  eden space 65024K, 2% used [0x000000076bb80000,0x000000076bcc51f8,0x000000076fb00000)
  from space 10752K, 0% used [0x0000000770580000,0x0000000770580000,0x0000000771000000)
  to   space 10752K, 0% used [0x000000076fb00000,0x000000076fb00000,0x0000000770580000)
 ParOldGen       total 173568K, used 0K [0x00000006c3200000, 0x00000006cdb80000, 0x000000076bb80000)
  object space 173568K, 0% used [0x00000006c3200000,0x00000006c3200000,0x00000006cdb80000)
 Metaspace       used 772K, capacity 4480K, committed 4480K, reserved 1056768K
  class space    used 73K, capacity 384K, committed 384K, reserved 1048576K

Card table byte_map: [0x0000000011dc0000,0x00000000125b0000] byte_map_base: 0x000000000e7a7000

Marking Bits: (ParMarkBitMap*) 0x0000000063c75aa0
 Begin Bits: [0x0000000013500000, 0x0000000017438000)
 End Bits:   [0x0000000017438000, 0x000000001b370000)

Polling page: 0x0000000000930000

CodeCache: size=245760Kb used=328Kb max_used=328Kb free=245431Kb
 bounds [0x0000000002a00000, 0x0000000002c70000, 0x0000000011a00000]
 total_blobs=57 nmethods=0 adapters=38
 compilation: enabled

Compilation events (0 events):
No events

GC Heap History (0 events):
No events

Deoptimization events (0 events):
No events

Classes redefined (0 events):
No events

Internal exceptions (0 events):
No events

Events (10 events):
Event: 0.052 loading class java/lang/Short
Event: 0.052 loading class java/lang/Short done
Event: 0.052 loading class java/lang/Integer
Event: 0.052 loading class java/lang/Integer done
Event: 0.052 loading class java/lang/Long
Event: 0.053 loading class java/lang/Long done
Event: 0.053 loading class java/lang/NullPointerException
Event: 0.053 loading class java/lang/NullPointerException done
Event: 0.053 loading class java/lang/ArithmeticException
Event: 0.053 loading class java/lang/ArithmeticException done


Dynamic libraries:
0x00007ff6cdc00000 - 0x00007ff6cdc31000 	C:\Program Files\Android\Android Studio\jre\jre\bin\java.exe
0x00007ffda0bd0000 - 0x00007ffda0db1000 	C:\WINDOWS\SYSTEM32\ntdll.dll
0x00007ffd9eae0000 - 0x00007ffd9eb92000 	C:\WINDOWS\System32\KERNEL32.DLL
0x00007ffd9cff0000 - 0x00007ffd9d263000 	C:\WINDOWS\System32\KERNELBASE.dll
0x00007ffda01d0000 - 0x00007ffda0271000 	C:\WINDOWS\System32\ADVAPI32.dll
0x00007ffda0530000 - 0x00007ffda05ce000 	C:\WINDOWS\System32\msvcrt.dll
0x00007ffda0280000 - 0x00007ffda02db000 	C:\WINDOWS\System32\sechost.dll
0x00007ffd9e140000 - 0x00007ffd9e264000 	C:\WINDOWS\System32\RPCRT4.dll
0x00007ffda0040000 - 0x00007ffda01d0000 	C:\WINDOWS\System32\USER32.dll
0x00007ffd9d620000 - 0x00007ffd9d640000 	C:\WINDOWS\System32\win32u.dll
0x00007ffd9e6c0000 - 0x00007ffd9e6e8000 	C:\WINDOWS\System32\GDI32.dll
0x00007ffd9d3d0000 - 0x00007ffd9d562000 	C:\WINDOWS\System32\gdi32full.dll
0x00007ffd9dfc0000 - 0x00007ffd9e05f000 	C:\WINDOWS\System32\msvcp_win.dll
0x00007ffd9d2d0000 - 0x00007ffd9d3ca000 	C:\WINDOWS\System32\ucrtbase.dll
0x00007ffd7ba20000 - 0x00007ffd7bc89000 	C:\WINDOWS\WinSxS\amd64_microsoft.windows.common-controls_6595b64144ccf1df_6.0.17134.472_none_fb3f9af53068156d\COMCTL32.dll
0x00007ffda07f0000 - 0x00007ffda0b12000 	C:\WINDOWS\System32\combase.dll
0x00007ffd9df40000 - 0x00007ffd9dfba000 	C:\WINDOWS\System32\bcryptPrimitives.dll
0x00007ffd9e060000 - 0x00007ffd9e08d000 	C:\WINDOWS\System32\IMM32.DLL
0x0000000062520000 - 0x00000000625f2000 	C:\Program Files\Android\Android Studio\jre\jre\bin\msvcr100.dll
0x00000000634b0000 - 0x0000000063cf1000 	C:\Program Files\Android\Android Studio\jre\jre\bin\server\jvm.dll
0x00007ffd9e7d0000 - 0x00007ffd9e7d8000 	C:\WINDOWS\System32\PSAPI.DLL
0x00007ffd85db0000 - 0x00007ffd85db9000 	C:\WINDOWS\SYSTEM32\WSOCK32.dll
0x00007ffd95b40000 - 0x00007ffd95b63000 	C:\WINDOWS\SYSTEM32\WINMM.dll
0x00007ffda0b30000 - 0x00007ffda0b9c000 	C:\WINDOWS\System32\WS2_32.dll
0x00007ffd94aa0000 - 0x00007ffd94aaa000 	C:\WINDOWS\SYSTEM32\VERSION.dll
0x00007ffd94bf0000 - 0x00007ffd94c1a000 	C:\WINDOWS\SYSTEM32\WINMMBASE.dll
0x00007ffd9cfa0000 - 0x00007ffd9cfe9000 	C:\WINDOWS\System32\cfgmgr32.dll
0x00007ffd79220000 - 0x00007ffd7922f000 	C:\Program Files\Android\Android Studio\jre\jre\bin\verify.dll
0x00007ffd78eb0000 - 0x00007ffd78ed9000 	C:\Program Files\Android\Android Studio\jre\jre\bin\java.dll
0x00007ffd78e90000 - 0x00007ffd78ea6000 	C:\Program Files\Android\Android Studio\jre\jre\bin\zip.dll

VM Arguments:
java_command: org.jetbrains.git4idea.http.GitAskPassApp Username for 'https://github.com': 
java_class_path (initial): C:/Program Files/Android/Android Studio/plugins/git4idea/lib/git4idea-rt.jar;C:/Program Files/Android/Android Studio/lib/xmlrpc-2.0.1.jar;C:/Program Files/Android/Android Studio/lib/commons-codec-1.10.jar;C:/Program Files/Android/Android Studio/lib/util.jar
Launcher Type: SUN_STANDARD

Environment Variables:
JAVA_HOME=C:\Program Files\Java\jdk-12.0.2
PATH=C:\Users\Student\AppData\Local\Programs\Git\mingw64/libexec/git-core;C:\Users\Student\AppData\Local\Programs\Git\mingw64/libexec/git-core;C:\Users\Student\AppData\Local\Programs\Git\mingw64\bin;C:\Users\Student\AppData\Local\Programs\Git\usr\bin;C:\Users\Student\bin;C:\Program Files\MATLAB\R2018a\bin;C:\Program Files\MATLAB\R2018a\bin\win64;C:\Program Files\Microsoft MPI\Bin\;C:\Perl\site\bin;C:\Perl\bin;C:\Program Files (x86)\ActiveState Komodo Edit 11\;C:\WINDOWS\system32;C:\WINDOWS;C:\WINDOWS\System32\Wbem;C:\WINDOWS\System32\WindowsPowerShell\v1.0\;C:\Program Files\Microsoft SQL Server\130\Tools\Binn\;C:\WINDOWS\System32\OpenSSH\;C:\Program Files\PowerShell\6-preview\preview;C:\Program Files\Microsoft VS Code\bin;C:\Apache\bin;C:\Program Files\MATLAB\R2018a\runtime\win64;C:\Users\config\AppData\Local\Microsoft\WindowsApps;C:\Program Files (x86)\Nmap;C:\Users\config\AppData\Local\Programs\Microsoft VS Code\bin;C:\Program Files\PuTTY\;C:\Program Files\Microsoft SQL Server\Client SDK\ODBC\130\Tools\Binn\;C:\Program Files (x86)\Microsoft SQL Server\140\Tools\Binn\;C:\Program Files\Microsoft SQL Server\140\Tools\Binn\;C:\Program Files\Microsoft SQL Server\140\DTS\Binn\;C:\Program Files (x86)\Microsoft SQL Server\150\DTS\Binn\;C:\Program Files\Amazon\AWSCLI\bin\;C:\Python27amd64;C:\Program Files\Java\jdk-12.0.2;C:\Program Files\Java\jdk-12.0.2\bin;C:\Users\Student\AppData\Local\Microsoft\WindowsApps;C:\Users\Student\AppData\Local\Programs\Git\cmd;C:\Users\Student\Programs\javaprograms;
USERNAME=Student
DISPLAY=:0.0
OS=Windows_NT
PROCESSOR_IDENTIFIER=Intel64 Family 6 Model 158 Stepping 10, GenuineIntel



---------------  S Y S T E M  ---------------

OS: Windows 10.0 , 64 bit Build 17134 (10.0.17134.1)

CPU:total 12 (initial active 12) (6 cores per cpu, 2 threads per core) family 6 model 158 stepping 10, cmov, cx8, fxsr, mmx, sse, sse2, sse3, ssse3, sse4.1, sse4.2, popcnt, avx, avx2, aes, clmul, erms, rtm, 3dnowpref, lzcnt, ht, tsc, tscinvbit, bmi1, bmi2, adx

Memory: 4k page, physical 16567868k(1794820k free), swap 16567868k(4104k free)

vm_info: OpenJDK 64-Bit Server VM (25.152-b01) for windows-amd64 JRE (1.8.0_152-release-1343-b01), built by "builder" with MS VC++ 10.0 (VS2010)

time: Mon Sep 30 20:24:16 2019
elapsed time: 0 seconds (0d 0h 0m 0s)

