#
# There is insufficient memory for the Java Runtime Environment to continue.
# Native memory allocation (malloc) failed to allocate 1438096 bytes for Chunk::new
# Possible reasons:
#   The system is out of physical RAM or swap space
#   In 32 bit mode, the process size limit was hit
# Possible solutions:
#   Reduce memory load on the system
#   Increase physical memory or swap space
#   Check if swap backing store is full
#   Use 64 bit Java on a 64 bit OS
#   Decrease Java heap size (-Xmx/-Xms)
#   Decrease number of Java threads
#   Decrease Java thread stack sizes (-Xss)
#   Set larger code cache with -XX:ReservedCodeCacheSize=
# This output file may be truncated or incomplete.
#
#  Out of Memory Error (allocation.cpp:390), pid=7748, tid=0x0000000000001ff8
#
# JRE version: OpenJDK Runtime Environment (8.0_152-b01) (build 1.8.0_152-release-1343-b01)
# Java VM: OpenJDK 64-Bit Server VM (25.152-b01 mixed mode windows-amd64 compressed oops)
# Failed to write core dump. Minidumps are not enabled by default on client versions of Windows
#

---------------  T H R E A D  ---------------

Current thread (0x0000000017d78000):  JavaThread "C2 CompilerThread0" daemon [_thread_in_native, id=8184, stack(0x00000000193b0000,0x00000000194b0000)]

Stack: [0x00000000193b0000,0x00000000194b0000]
[error occurred during error reporting (printing stack bounds), id 0xc0000005]

Native frames: (J=compiled Java code, j=interpreted, Vv=VM code, C=native code)


Current CompileTask:
C2: 253916 16887 %     4       com.android.tools.r8.ir.regalloc.LinearScanRegisterAllocator::allocateSingleInterval @ 338 (841 bytes)


---------------  P R O C E S S  ---------------

Java Threads: ( => current thread )
  0x0000000020a88000 JavaThread "ForkJoinPool.commonPool-worker-5" daemon [_thread_in_Java, id=9976, stack(0x00000000377c0000,0x00000000378c0000)]
  0x0000000020a80800 JavaThread "ForkJoinPool.commonPool-worker-12" daemon [_thread_in_Java, id=5824, stack(0x00000000376c0000,0x00000000377c0000)]
  0x0000000020a83800 JavaThread "stdout" daemon [_thread_in_native, id=208, stack(0x00000000375c0000,0x00000000376c0000)]
  0x0000000020a83000 JavaThread "stderr" daemon [_thread_in_native, id=7060, stack(0x00000000374c0000,0x00000000375c0000)]
  0x0000000020a7f000 JavaThread "stdout" daemon [_thread_in_native, id=5540, stack(0x00000000373c0000,0x00000000374c0000)]
  0x0000000020a86000 JavaThread "stderr" daemon [_thread_in_native, id=2488, stack(0x00000000372c0000,0x00000000373c0000)]
  0x0000000020a7e800 JavaThread "stdout" daemon [_thread_in_native, id=4752, stack(0x00000000371c0000,0x00000000372c0000)]
  0x0000000020a82000 JavaThread "stderr" daemon [_thread_in_native, id=7132, stack(0x00000000370c0000,0x00000000371c0000)]
  0x0000000020a84800 JavaThread "stdout" daemon [_thread_in_native, id=6884, stack(0x0000000036fc0000,0x00000000370c0000)]
  0x0000000020a80000 JavaThread "stderr" daemon [_thread_in_native, id=2508, stack(0x0000000036ec0000,0x0000000036fc0000)]
  0x000000001a60b000 JavaThread "stdout" daemon [_thread_in_native, id=7000, stack(0x0000000036dc0000,0x0000000036ec0000)]
  0x000000001a60a000 JavaThread "stderr" daemon [_thread_in_native, id=7380, stack(0x0000000036cc0000,0x0000000036dc0000)]
  0x000000001c966800 JavaThread "stdout" daemon [_thread_in_native, id=12116, stack(0x0000000036bc0000,0x0000000036cc0000)]
  0x000000001c965000 JavaThread "stderr" daemon [_thread_in_native, id=6404, stack(0x0000000036ac0000,0x0000000036bc0000)]
  0x000000001c964800 JavaThread "stdout" daemon [_thread_in_native, id=11640, stack(0x00000000369c0000,0x0000000036ac0000)]
  0x000000001c969000 JavaThread "stderr" daemon [_thread_in_native, id=3096, stack(0x00000000368c0000,0x00000000369c0000)]
  0x000000001c968000 JavaThread "stdout" daemon [_thread_in_native, id=9388, stack(0x00000000367c0000,0x00000000368c0000)]
  0x000000001c963800 JavaThread "stderr" daemon [_thread_in_native, id=584, stack(0x00000000366c0000,0x00000000367c0000)]
  0x000000001c967800 JavaThread "pool-16-thread-1" [_thread_blocked, id=9752, stack(0x00000000365c0000,0x00000000366c0000)]
  0x000000001c95b000 JavaThread "ForkJoinPool.commonPool-worker-3" daemon [_thread_in_Java, id=6960, stack(0x00000000364c0000,0x00000000365c0000)]
  0x000000001c962000 JavaThread "ForkJoinPool.commonPool-worker-10" daemon [_thread_in_Java, id=12252, stack(0x00000000363c0000,0x00000000364c0000)]
  0x000000001c95f800 JavaThread "ForkJoinPool.commonPool-worker-1" daemon [_thread_in_Java, id=11608, stack(0x00000000362c0000,0x00000000363c0000)]
  0x000000001c95f000 JavaThread "ForkJoinPool.commonPool-worker-8" daemon [_thread_in_Java, id=12008, stack(0x00000000361c0000,0x00000000362c0000)]
  0x000000001c95c800 JavaThread "ForkJoinPool.commonPool-worker-15" daemon [_thread_in_Java, id=4568, stack(0x00000000360c0000,0x00000000361c0000)]
  0x0000000019d02800 JavaThread "ForkJoinPool.commonPool-worker-6" daemon [_thread_in_Java, id=10784, stack(0x0000000035fc0000,0x00000000360c0000)]
  0x0000000019d01000 JavaThread "ForkJoinPool.commonPool-worker-13" daemon [_thread_in_Java, id=9168, stack(0x0000000035ec0000,0x0000000035fc0000)]
  0x0000000019d00000 JavaThread "ForkJoinPool.commonPool-worker-4" daemon [_thread_in_Java, id=1428, stack(0x0000000035dc0000,0x0000000035ec0000)]
  0x0000000019cfd000 JavaThread "ForkJoinPool.commonPool-worker-11" daemon [_thread_blocked, id=6944, stack(0x0000000035cc0000,0x0000000035dc0000)]
  0x0000000019cf7000 JavaThread "Cache worker for execution history cache (C:\Users\Student\AndroidStudioProjects\Android_CS203\.gradle\5.1.1\executionHistory)" [_thread_blocked, id=3644, stack(0x0000000035bc0000,0x0000000035cc0000)]
  0x0000000019cf5800 JavaThread "Execution worker for ':' Thread 11" [_thread_blocked, id=5556, stack(0x0000000035ac0000,0x0000000035bc0000)]
  0x0000000019cfc800 JavaThread "Execution worker for ':' Thread 10" [_thread_blocked, id=9024, stack(0x00000000359c0000,0x0000000035ac0000)]
  0x0000000019cf6800 JavaThread "Execution worker for ':' Thread 9" [_thread_blocked, id=11388, stack(0x00000000358c0000,0x00000000359c0000)]
  0x0000000019cf3800 JavaThread "Execution worker for ':' Thread 8" [_thread_blocked, id=7004, stack(0x00000000357c0000,0x00000000358c0000)]
  0x0000000019cf8000 JavaThread "Execution worker for ':' Thread 7" [_thread_blocked, id=12044, stack(0x00000000356c0000,0x00000000357c0000)]
  0x000000001cadc800 JavaThread "Execution worker for ':' Thread 6" [_thread_blocked, id=11300, stack(0x00000000355c0000,0x00000000356c0000)]
  0x000000001cadb000 JavaThread "Execution worker for ':' Thread 5" [_thread_blocked, id=4732, stack(0x00000000354c0000,0x00000000355c0000)]
  0x000000001cad9800 JavaThread "Execution worker for ':' Thread 4" [_thread_blocked, id=7832, stack(0x00000000353c0000,0x00000000354c0000)]
  0x000000001cada000 JavaThread "Execution worker for ':' Thread 3" [_thread_blocked, id=11892, stack(0x00000000352c0000,0x00000000353c0000)]
  0x000000001cadb800 JavaThread "Execution worker for ':' Thread 2" [_thread_blocked, id=9092, stack(0x00000000351c0000,0x00000000352c0000)]
  0x000000001cad8800 JavaThread "Execution worker for ':'" [_thread_blocked, id=7672, stack(0x00000000350c0000,0x00000000351c0000)]
  0x000000001cad8000 JavaThread "Cache worker for file content cache (C:\Users\Student\AndroidStudioProjects\Android_CS203\.gradle\5.1.1\fileContent)" [_thread_blocked, id=12148, stack(0x0000000034fc0000,0x00000000350c0000)]
  0x000000001cad6800 JavaThread "Cache worker for Build Output Cleanup Cache (C:\Users\Student\AndroidStudioProjects\Android_CS203\.gradle\buildOutputCleanup)" [_thread_blocked, id=10696, stack(0x0000000034ec0000,0x0000000034fc0000)]
  0x000000001cad0800 JavaThread "Build operations Thread 12" [_thread_blocked, id=10048, stack(0x0000000034dc0000,0x0000000034ec0000)]
  0x000000001cad2000 JavaThread "Build operations Thread 11" [_thread_blocked, id=4212, stack(0x0000000034cc0000,0x0000000034dc0000)]
  0x000000001cacf000 JavaThread "Build operations Thread 10" [_thread_blocked, id=9536, stack(0x0000000034bc0000,0x0000000034cc0000)]
  0x000000001cad4000 JavaThread "Build operations Thread 9" [_thread_blocked, id=11616, stack(0x0000000034ac0000,0x0000000034bc0000)]
  0x000000001cad5800 JavaThread "Build operations Thread 8" [_thread_blocked, id=10656, stack(0x00000000349c0000,0x0000000034ac0000)]
  0x000000001cad1000 JavaThread "Build operations Thread 7" [_thread_blocked, id=8456, stack(0x00000000348c0000,0x00000000349c0000)]
  0x000000001e526000 JavaThread "Build operations Thread 6" [_thread_blocked, id=3700, stack(0x00000000347c0000,0x00000000348c0000)]
  0x000000001e52a000 JavaThread "Build operations Thread 5" [_thread_blocked, id=11440, stack(0x00000000346c0000,0x00000000347c0000)]
  0x000000001e527000 JavaThread "Build operations Thread 4" [_thread_blocked, id=7944, stack(0x00000000345c0000,0x00000000346c0000)]
  0x000000001e522800 JavaThread "Build operations Thread 3" [_thread_blocked, id=6792, stack(0x00000000344c0000,0x00000000345c0000)]
  0x000000001e529000 JavaThread "Build operations Thread 2" [_thread_blocked, id=10256, stack(0x00000000343c0000,0x00000000344c0000)]
  0x000000001e527800 JavaThread "Build operations" [_thread_blocked, id=10088, stack(0x00000000342c0000,0x00000000343c0000)]
  0x000000001e524800 JavaThread "Cache worker for cache directory md-rule (C:\Users\Student\.gradle\caches\5.1.1\md-rule)" [_thread_blocked, id=11636, stack(0x00000000341c0000,0x00000000342c0000)]
  0x000000001e51d000 JavaThread "Cache worker for cache directory md-supplier (C:\Users\Student\.gradle\caches\5.1.1\md-supplier)" [_thread_blocked, id=10716, stack(0x00000000340c0000,0x00000000341c0000)]
  0x000000001e51e000 JavaThread "Cache worker for file hash cache (C:\Users\Student\AndroidStudioProjects\Android_CS203\.gradle\5.1.1\fileHashes)" [_thread_blocked, id=8744, stack(0x0000000033fc0000,0x00000000340c0000)]
  0x000000001e521800 JavaThread "Thread-220" [_thread_blocked, id=9132, stack(0x0000000033ec0000,0x0000000033fc0000)]
  0x000000001e524000 JavaThread "Stdin handler" [_thread_blocked, id=6572, stack(0x0000000033dc0000,0x0000000033ec0000)]
  0x000000001e51c800 JavaThread "Asynchronous log dispatcher for DefaultDaemonConnection: socket connection from /127.0.0.1:12699 to /127.0.0.1:13325" [_thread_blocked, id=11744, stack(0x0000000033cc0000,0x0000000033dc0000)]
  0x000000001e51f800 JavaThread "Cancel handler" [_thread_blocked, id=2756, stack(0x0000000033bc0000,0x0000000033cc0000)]
  0x000000001e521000 JavaThread "Handler for socket connection from /127.0.0.1:12699 to /127.0.0.1:13325" [_thread_in_native, id=10232, stack(0x0000000033ac0000,0x0000000033bc0000)]
  0x000000001cad5000 JavaThread "Daemon worker Thread 2" [_thread_blocked, id=6856, stack(0x000000002edc0000,0x000000002eec0000)]
  0x000000001cace000 JavaThread "Daemon Thread 2" [_thread_blocked, id=152, stack(0x000000002eac0000,0x000000002ebc0000)]
  0x000000001c959800 JavaThread "Cache worker for file content cache (C:\Users\Student\.gradle\caches\5.1.1\fileContent)" [_thread_blocked, id=2644, stack(0x00000000262c0000,0x00000000263c0000)]
  0x000000001c95a800 JavaThread "Memory manager" [_thread_blocked, id=4192, stack(0x00000000261c0000,0x00000000262c0000)]
  0x000000001e523000 JavaThread "Cache worker for execution history cache (C:\Users\Student\.gradle\caches\5.1.1\executionHistory)" [_thread_blocked, id=7956, stack(0x0000000023200000,0x0000000023300000)]
  0x000000001a60d000 JavaThread "Cache worker for journal cache (C:\Users\Student\.gradle\caches\journal-1)" [_thread_blocked, id=12284, stack(0x000000001c600000,0x000000001c700000)]
  0x000000001a60e800 JavaThread "File lock request listener" [_thread_in_native, id=8236, stack(0x000000001c500000,0x000000001c600000)]
  0x000000001ad3a000 JavaThread "Cache worker for file hash cache (C:\Users\Student\.gradle\caches\5.1.1\fileHashes)" [_thread_blocked, id=640, stack(0x000000001c400000,0x000000001c500000)]
  0x000000001abef800 JavaThread "Daemon periodic checks" [_thread_blocked, id=3652, stack(0x000000001b900000,0x000000001ba00000)]
  0x000000001ae71800 JavaThread "Incoming local TCP Connector on port 12699" [_thread_in_native, id=5716, stack(0x000000001b6c0000,0x000000001b7c0000)]
  0x0000000017d96000 JavaThread "Service Thread" daemon [_thread_blocked, id=4204, stack(0x00000000197b0000,0x00000000198b0000)]
  0x0000000017d80800 JavaThread "C1 CompilerThread3" daemon [_thread_in_native, id=11356, stack(0x00000000196b0000,0x00000000197b0000)]
  0x0000000017d7d000 JavaThread "C2 CompilerThread2" daemon [_thread_in_native, id=9548, stack(0x00000000195b0000,0x00000000196b0000)]
  0x0000000017d70800 JavaThread "C2 CompilerThread1" daemon [_thread_in_native, id=7196, stack(0x00000000194b0000,0x00000000195b0000)]
=>0x0000000017d78000 JavaThread "C2 CompilerThread0" daemon [_thread_in_native, id=8184, stack(0x00000000193b0000,0x00000000194b0000)]
  0x0000000017d77000 JavaThread "Attach Listener" daemon [_thread_blocked, id=6640, stack(0x00000000192b0000,0x00000000193b0000)]
  0x0000000017d76000 JavaThread "Signal Dispatcher" daemon [_thread_blocked, id=11344, stack(0x00000000191b0000,0x00000000192b0000)]
  0x0000000017d63000 JavaThread "Finalizer" daemon [_thread_blocked, id=3716, stack(0x0000000018fc0000,0x00000000190c0000)]
  0x000000001669c000 JavaThread "Reference Handler" daemon [_thread_blocked, id=11536, stack(0x0000000018ec0000,0x0000000018fc0000)]
  0x00000000025e2800 JavaThread "main" [_thread_blocked, id=9404, stack(0x00000000024e0000,0x00000000025e0000)]

Other Threads:
  0x0000000016695800 VMThread [stack: 0x0000000018dc0000,0x0000000018ec0000] [id=2720]
  0x0000000017d97000 WatcherThread [stack: 0x00000000198b0000,0x00000000199b0000] [id=1904]

VM state:not at safepoint (normal execution)

VM Mutex/Monitor currently owned by a thread: None

Heap:
 PSYoungGen      total 254976K, used 93856K [0x00000000e0000000, 0x00000000f6400000, 0x0000000100000000)
  eden space 197120K, 23% used [0x00000000e0000000,0x00000000e2dd5bd0,0x00000000ec080000)
  from space 57856K, 81% used [0x00000000ec080000,0x00000000eee8a9d0,0x00000000ef900000)
  to   space 62976K, 0% used [0x00000000f2680000,0x00000000f2680000,0x00000000f6400000)
 ParOldGen       total 188928K, used 70750K [0x00000000a0000000, 0x00000000ab880000, 0x00000000e0000000)
  object space 188928K, 37% used [0x00000000a0000000,0x00000000a4517938,0x00000000ab880000)
 Metaspace       used 89764K, capacity 95370K, committed 95640K, reserved 1132544K
  class space    used 11634K, capacity 12601K, committed 12696K, reserved 1048576K

Card table byte_map: [0x0000000011aa0000,0x0000000011db0000] byte_map_base: 0x00000000115a0000

Marking Bits: (ParMarkBitMap*) 0x0000000074e55aa0
 Begin Bits: [0x00000000129b0000, 0x00000000141b0000)
 End Bits:   [0x00000000141b0000, 0x00000000159b0000)

Polling page: 0x0000000000600000

CodeCache: size=245760Kb used=46962Kb max_used=46962Kb free=198797Kb
 bounds [0x00000000026e0000, 0x0000000005500000, 0x00000000116e0000]
 total_blobs=15584 nmethods=14708 adapters=787
 compilation: enabled

Compilation events (10 events):
Event: 253.898 Thread 0x0000000017d80800 nmethod 18137 0x00000000054ee910 code [0x00000000054eea60, 0x00000000054eeb70]
Event: 253.898 Thread 0x0000000017d80800 18103       1       com.android.tools.r8.code.Return::getOpcode (3 bytes)
Event: 253.898 Thread 0x0000000017d80800 nmethod 18103 0x00000000054eebd0 code [0x00000000054eed20, 0x00000000054eee30]
Event: 253.898 Thread 0x0000000017d80800 18166       2       com.android.tools.r8.code.Format21t::hashCode (21 bytes)
Event: 253.898 Thread 0x0000000017d80800 nmethod 18166 0x00000000054eee90 code [0x00000000054ef000, 0x00000000054ef1a8]
Event: 253.898 Thread 0x0000000017d80800 18037       1       com.android.tools.r8.graph.DexValue$DexValueNull::hashCode (3 bytes)
Event: 253.898 Thread 0x0000000017d80800 nmethod 18037 0x00000000054ef250 code [0x00000000054ef3a0, 0x00000000054ef4b0]
Event: 253.899 Thread 0x0000000017d80800 18171       2       com.android.tools.r8.graph.DexEncodedMethod$OptimizationInfoImpl::<init> (5 bytes)
Event: 253.899 Thread 0x0000000017d80800 nmethod 18171 0x00000000054ef510 code [0x00000000054ef680, 0x00000000054ef7e8]
Event: 253.899 Thread 0x0000000017d80800 18276       2       com.android.tools.r8.dex.DebugBytecodeWriter::putString (26 bytes)

GC Heap History (10 events):
Event: 252.821 GC heap before
{Heap before GC invocations=20 (full 3):
 PSYoungGen      total 214528K, used 214496K [0x00000000e0000000, 0x00000000f0a80000, 0x0000000100000000)
  eden space 181248K, 100% used [0x00000000e0000000,0x00000000eb100000,0x00000000eb100000)
  from space 33280K, 99% used [0x00000000edb00000,0x00000000efb78198,0x00000000efb80000)
  to   space 43008K, 0% used [0x00000000eb100000,0x00000000eb100000,0x00000000edb00000)
 ParOldGen       total 188928K, used 49823K [0x00000000a0000000, 0x00000000ab880000, 0x00000000e0000000)
  object space 188928K, 26% used [0x00000000a0000000,0x00000000a30a7fe0,0x00000000ab880000)
 Metaspace       used 87832K, capacity 93142K, committed 93336K, reserved 1130496K
  class space    used 11429K, capacity 12379K, committed 12440K, reserved 1048576K
Event: 252.847 GC heap after
Heap after GC invocations=20 (full 3):
 PSYoungGen      total 224256K, used 42987K [0x00000000e0000000, 0x00000000f2d00000, 0x0000000100000000)
  eden space 181248K, 0% used [0x00000000e0000000,0x00000000e0000000,0x00000000eb100000)
  from space 43008K, 99% used [0x00000000eb100000,0x00000000edafaca0,0x00000000edb00000)
  to   space 53248K, 0% used [0x00000000ef900000,0x00000000ef900000,0x00000000f2d00000)
 ParOldGen       total 188928K, used 61600K [0x00000000a0000000, 0x00000000ab880000, 0x00000000e0000000)
  object space 188928K, 32% used [0x00000000a0000000,0x00000000a3c282b0,0x00000000ab880000)
 Metaspace       used 87832K, capacity 93142K, committed 93336K, reserved 1130496K
  class space    used 11429K, capacity 12379K, committed 12440K, reserved 1048576K
}
Event: 253.124 GC heap before
{Heap before GC invocations=21 (full 3):
 PSYoungGen      total 224256K, used 224235K [0x00000000e0000000, 0x00000000f2d00000, 0x0000000100000000)
  eden space 181248K, 100% used [0x00000000e0000000,0x00000000eb100000,0x00000000eb100000)
  from space 43008K, 99% used [0x00000000eb100000,0x00000000edafaca0,0x00000000edb00000)
  to   space 53248K, 0% used [0x00000000ef900000,0x00000000ef900000,0x00000000f2d00000)
 ParOldGen       total 188928K, used 61600K [0x00000000a0000000, 0x00000000ab880000, 0x00000000e0000000)
  object space 188928K, 32% used [0x00000000a0000000,0x00000000a3c282b0,0x00000000ab880000)
 Metaspace       used 88062K, capacity 93380K, committed 93592K, reserved 1130496K
  class space    used 11457K, capacity 12414K, committed 12440K, reserved 1048576K
Event: 253.149 GC heap after
Heap after GC invocations=21 (full 3):
 PSYoungGen      total 250368K, used 43901K [0x00000000e0000000, 0x00000000f4080000, 0x0000000100000000)
  eden space 197120K, 0% used [0x00000000e0000000,0x00000000e0000000,0x00000000ec080000)
  from space 53248K, 82% used [0x00000000ef900000,0x00000000f23df7b0,0x00000000f2d00000)
  to   space 57856K, 0% used [0x00000000ec080000,0x00000000ec080000,0x00000000ef900000)
 ParOldGen       total 188928K, used 64275K [0x00000000a0000000, 0x00000000ab880000, 0x00000000e0000000)
  object space 188928K, 34% used [0x00000000a0000000,0x00000000a3ec4c68,0x00000000ab880000)
 Metaspace       used 88062K, capacity 93380K, committed 93592K, reserved 1130496K
  class space    used 11457K, capacity 12414K, committed 12440K, reserved 1048576K
}
Event: 253.376 GC heap before
{Heap before GC invocations=22 (full 3):
 PSYoungGen      total 250368K, used 241021K [0x00000000e0000000, 0x00000000f4080000, 0x0000000100000000)
  eden space 197120K, 100% used [0x00000000e0000000,0x00000000ec080000,0x00000000ec080000)
  from space 53248K, 82% used [0x00000000ef900000,0x00000000f23df7b0,0x00000000f2d00000)
  to   space 57856K, 0% used [0x00000000ec080000,0x00000000ec080000,0x00000000ef900000)
 ParOldGen       total 188928K, used 64275K [0x00000000a0000000, 0x00000000ab880000, 0x00000000e0000000)
  object space 188928K, 34% used [0x00000000a0000000,0x00000000a3ec4c68,0x00000000ab880000)
 Metaspace       used 88402K, capacity 93656K, committed 93848K, reserved 1130496K
  class space    used 11488K, capacity 12418K, committed 12440K, reserved 1048576K
Event: 253.400 GC heap after
Heap after GC invocations=22 (full 3):
 PSYoungGen      total 254976K, used 48203K [0x00000000e0000000, 0x00000000f6400000, 0x0000000100000000)
  eden space 197120K, 0% used [0x00000000e0000000,0x00000000e0000000,0x00000000ec080000)
  from space 57856K, 83% used [0x00000000ec080000,0x00000000eef92dd8,0x00000000ef900000)
  to   space 62976K, 0% used [0x00000000f2680000,0x00000000f2680000,0x00000000f6400000)
 ParOldGen       total 188928K, used 64283K [0x00000000a0000000, 0x00000000ab880000, 0x00000000e0000000)
  object space 188928K, 34% used [0x00000000a0000000,0x00000000a3ec6c68,0x00000000ab880000)
 Metaspace       used 88402K, capacity 93656K, committed 93848K, reserved 1130496K
  class space    used 11488K, capacity 12418K, committed 12440K, reserved 1048576K
}
Event: 253.572 GC heap before
{Heap before GC invocations=23 (full 3):
 PSYoungGen      total 254976K, used 245323K [0x00000000e0000000, 0x00000000f6400000, 0x0000000100000000)
  eden space 197120K, 100% used [0x00000000e0000000,0x00000000ec080000,0x00000000ec080000)
  from space 57856K, 83% used [0x00000000ec080000,0x00000000eef92dd8,0x00000000ef900000)
  to   space 62976K, 0% used [0x00000000f2680000,0x00000000f2680000,0x00000000f6400000)
 ParOldGen       total 188928K, used 64283K [0x00000000a0000000, 0x00000000ab880000, 0x00000000e0000000)
  object space 188928K, 34% used [0x00000000a0000000,0x00000000a3ec6c68,0x00000000ab880000)
 Metaspace       used 88935K, capacity 94266K, committed 94488K, reserved 1130496K
  class space    used 11552K, capacity 12495K, committed 12568K, reserved 1048576K
Event: 253.599 GC heap after
Heap after GC invocations=23 (full 3):
 PSYoungGen      total 260096K, used 51635K [0x00000000e0000000, 0x00000000f6400000, 0x0000000100000000)
  eden space 197120K, 0% used [0x00000000e0000000,0x00000000e0000000,0x00000000ec080000)
  from space 62976K, 81% used [0x00000000f2680000,0x00000000f58ece38,0x00000000f6400000)
  to   space 57856K, 0% used [0x00000000ec080000,0x00000000ec080000,0x00000000ef900000)
 ParOldGen       total 188928K, used 64451K [0x00000000a0000000, 0x00000000ab880000, 0x00000000e0000000)
  object space 188928K, 34% used [0x00000000a0000000,0x00000000a3ef0c78,0x00000000ab880000)
 Metaspace       used 88935K, capacity 94266K, committed 94488K, reserved 1130496K
  class space    used 11552K, capacity 12495K, committed 12568K, reserved 1048576K
}
Event: 253.807 GC heap before
{Heap before GC invocations=24 (full 3):
 PSYoungGen      total 260096K, used 248755K [0x00000000e0000000, 0x00000000f6400000, 0x0000000100000000)
  eden space 197120K, 100% used [0x00000000e0000000,0x00000000ec080000,0x00000000ec080000)
  from space 62976K, 81% used [0x00000000f2680000,0x00000000f58ece38,0x00000000f6400000)
  to   space 57856K, 0% used [0x00000000ec080000,0x00000000ec080000,0x00000000ef900000)
 ParOldGen       total 188928K, used 64451K [0x00000000a0000000, 0x00000000ab880000, 0x00000000e0000000)
  object space 188928K, 34% used [0x00000000a0000000,0x00000000a3ef0c78,0x00000000ab880000)
 Metaspace       used 89593K, capacity 95024K, committed 95384K, reserved 1132544K
  class space    used 11612K, capacity 12576K, committed 12696K, reserved 1048576K
Event: 253.836 GC heap after
Heap after GC invocations=24 (full 3):
 PSYoungGen      total 254976K, used 47146K [0x00000000e0000000, 0x00000000f6400000, 0x0000000100000000)
  eden space 197120K, 0% used [0x00000000e0000000,0x00000000e0000000,0x00000000ec080000)
  from space 57856K, 81% used [0x00000000ec080000,0x00000000eee8a9d0,0x00000000ef900000)
  to   space 62976K, 0% used [0x00000000f2680000,0x00000000f2680000,0x00000000f6400000)
 ParOldGen       total 188928K, used 70750K [0x00000000a0000000, 0x00000000ab880000, 0x00000000e0000000)
  object space 188928K, 37% used [0x00000000a0000000,0x00000000a4517938,0x00000000ab880000)
 Metaspace       used 89593K, capacity 95024K, committed 95384K, reserved 1132544K
  class space    used 11612K, capacity 12576K, committed 12696K, reserved 1048576K
}

Deoptimization events (10 events):
Event: 253.623 Thread 0x0000000019d02800 Uncommon trap: reason=array_check action=maybe_recompile pc=0x0000000004a4fa6c method=java.util.TimSort.reverseRange([Ljava/lang/Object;II)V @ 20
Event: 253.623 Thread 0x0000000019d02800 Uncommon trap: reason=array_check action=maybe_recompile pc=0x0000000002c7e74c method=java.util.TimSort.binarySort([Ljava/lang/Object;IIILjava/util/Comparator;)V @ 193
Event: 253.636 Thread 0x0000000019d02800 Uncommon trap: reason=bimorphic action=maybe_recompile pc=0x0000000003b6e84c method=java.util.Collections$SetFromMap.contains(Ljava/lang/Object;)Z @ 5
Event: 253.647 Thread 0x0000000019d02800 Uncommon trap: reason=bimorphic action=maybe_recompile pc=0x0000000003b6e84c method=java.util.Collections$SetFromMap.contains(Ljava/lang/Object;)Z @ 5
Event: 253.647 Thread 0x0000000019d02800 Uncommon trap: reason=bimorphic action=maybe_recompile pc=0x0000000003b6e84c method=java.util.Collections$SetFromMap.contains(Ljava/lang/Object;)Z @ 5
Event: 253.703 Thread 0x000000001c95f000 Uncommon trap: reason=unstable_if action=reinterpret pc=0x00000000051e1d4c method=com.android.tools.r8.ir.code.Position.equals(Ljava/lang/Object;)Z @ 27
Event: 253.709 Thread 0x0000000019d02800 Uncommon trap: reason=unstable_if action=reinterpret pc=0x0000000002996b00 method=java.util.Arrays.equals([Ljava/lang/Object;[Ljava/lang/Object;)Z @ 47
Event: 253.837 Thread 0x0000000019d02800 Uncommon trap: reason=unstable_if action=reinterpret pc=0x00000000034a7370 method=java.lang.invoke.MethodType$ConcurrentWeakInternSet$WeakEntry.equals(Ljava/lang/Object;)Z @ 21
Event: 253.872 Thread 0x0000000019d02800 Uncommon trap: reason=unstable_if action=reinterpret pc=0x0000000004425540 method=java.nio.DirectByteBuffer.put([BII)Ljava/nio/ByteBuffer; @ 8
Event: 253.878 Thread 0x0000000019d00000 Uncommon trap: reason=unstable_if action=reinterpret pc=0x00000000049ddafc method=java.lang.Long.numberOfTrailingZeros(J)I @ 3

Classes redefined (0 events):
No events

Internal exceptions (10 events):
Event: 252.345 Thread 0x0000000019cf6800 Exception <a 'sun/nio/fs/WindowsException'> (0x00000000e00c3b50) thrown at [D:\src\AOSP-openjdk-cygwin\jdk8u\hotspot\src\share\vm\prims\jni.cpp, line 709]
Event: 252.345 Thread 0x0000000019cf6800 Exception <a 'sun/nio/fs/WindowsException'> (0x00000000e00c5648) thrown at [D:\src\AOSP-openjdk-cygwin\jdk8u\hotspot\src\share\vm\prims\jni.cpp, line 709]
Event: 252.352 Thread 0x0000000019cf6800 Exception <a 'sun/nio/fs/WindowsException'> (0x00000000e0102728) thrown at [D:\src\AOSP-openjdk-cygwin\jdk8u\hotspot\src\share\vm\prims\jni.cpp, line 709]
Event: 252.353 Thread 0x0000000019cf6800 Exception <a 'sun/nio/fs/WindowsException'> (0x00000000e0103470) thrown at [D:\src\AOSP-openjdk-cygwin\jdk8u\hotspot\src\share\vm\prims\jni.cpp, line 709]
Event: 252.353 Thread 0x0000000019cf6800 Exception <a 'sun/nio/fs/WindowsException'> (0x00000000e0104f68) thrown at [D:\src\AOSP-openjdk-cygwin\jdk8u\hotspot\src\share\vm\prims\jni.cpp, line 709]
Event: 252.358 Thread 0x0000000019cf6800 Exception <a 'sun/nio/fs/WindowsException'> (0x00000000e01576d0) thrown at [D:\src\AOSP-openjdk-cygwin\jdk8u\hotspot\src\share\vm\prims\jni.cpp, line 709]
Event: 252.358 Thread 0x0000000019cf6800 Exception <a 'sun/nio/fs/WindowsException'> (0x00000000e0158418) thrown at [D:\src\AOSP-openjdk-cygwin\jdk8u\hotspot\src\share\vm\prims\jni.cpp, line 709]
Event: 252.358 Thread 0x0000000019cf6800 Exception <a 'sun/nio/fs/WindowsException'> (0x00000000e0159f10) thrown at [D:\src\AOSP-openjdk-cygwin\jdk8u\hotspot\src\share\vm\prims\jni.cpp, line 709]
Event: 253.709 Thread 0x0000000019d02800 Implicit null exception at 0x0000000002996a4a to 0x0000000002996add
Event: 253.837 Thread 0x0000000019d02800 Implicit null exception at 0x00000000034a3889 to 0x00000000034a7331

Events (10 events):
Event: 253.891 loading class com/google/common/io/CharSource$ConcatenatedCharSource
Event: 253.891 loading class com/google/common/io/CharSource$ConcatenatedCharSource done
Event: 253.892 loading class com/google/common/io/CharSource$StringCharSource
Event: 253.892 loading class com/google/common/io/CharSource$StringCharSource done
Event: 253.893 loading class com/google/common/io/CharSource$CharSequenceCharSource
Event: 253.893 loading class com/google/common/io/CharSource$CharSequenceCharSource done
Event: 253.893 loading class com/google/common/io/CharSource$EmptyCharSource
Event: 253.893 loading class com/google/common/io/CharSource$EmptyCharSource done
Event: 253.893 loading class com/google/common/io/CharSource$AsByteSource
Event: 253.893 loading class com/google/common/io/CharSource$AsByteSource done


Dynamic libraries:
0x00007ff74cd10000 - 0x00007ff74cd41000 	C:\Program Files\Android\Android Studio\jre\bin\java.exe
0x00007ffbf64d0000 - 0x00007ffbf66b1000 	C:\WINDOWS\SYSTEM32\ntdll.dll
0x00007ffbf6380000 - 0x00007ffbf6432000 	C:\WINDOWS\System32\KERNEL32.DLL
0x00007ffbf2ba0000 - 0x00007ffbf2e13000 	C:\WINDOWS\System32\KERNELBASE.dll
0x00007ffbf56c0000 - 0x00007ffbf5761000 	C:\WINDOWS\System32\ADVAPI32.dll
0x00007ffbf5770000 - 0x00007ffbf580e000 	C:\WINDOWS\System32\msvcrt.dll
0x00007ffbf4090000 - 0x00007ffbf40eb000 	C:\WINDOWS\System32\sechost.dll
0x00007ffbf5a10000 - 0x00007ffbf5b34000 	C:\WINDOWS\System32\RPCRT4.dll
0x00007ffbf5810000 - 0x00007ffbf59a0000 	C:\WINDOWS\System32\USER32.dll
0x00007ffbf3230000 - 0x00007ffbf3250000 	C:\WINDOWS\System32\win32u.dll
0x00007ffbf6350000 - 0x00007ffbf6378000 	C:\WINDOWS\System32\GDI32.dll
0x00007ffbf2a00000 - 0x00007ffbf2b92000 	C:\WINDOWS\System32\gdi32full.dll
0x00007ffbf2e70000 - 0x00007ffbf2f0f000 	C:\WINDOWS\System32\msvcp_win.dll
0x00007ffbf2900000 - 0x00007ffbf29fa000 	C:\WINDOWS\System32\ucrtbase.dll
0x00007ffbd3e40000 - 0x00007ffbd40a9000 	C:\WINDOWS\WinSxS\amd64_microsoft.windows.common-controls_6595b64144ccf1df_6.0.17134.472_none_fb3f9af53068156d\COMCTL32.dll
0x00007ffbf5b40000 - 0x00007ffbf5e62000 	C:\WINDOWS\System32\combase.dll
0x00007ffbf2f10000 - 0x00007ffbf2f8a000 	C:\WINDOWS\System32\bcryptPrimitives.dll
0x00007ffbf6470000 - 0x00007ffbf649d000 	C:\WINDOWS\System32\IMM32.DLL
0x0000000074420000 - 0x00000000744f2000 	C:\Program Files\Android\Android Studio\jre\jre\bin\msvcr100.dll
0x0000000074690000 - 0x0000000074ed1000 	C:\Program Files\Android\Android Studio\jre\jre\bin\server\jvm.dll
0x00007ffbf6460000 - 0x00007ffbf6468000 	C:\WINDOWS\System32\PSAPI.DLL
0x00007ffbdd760000 - 0x00007ffbdd769000 	C:\WINDOWS\SYSTEM32\WSOCK32.dll
0x00007ffbe8390000 - 0x00007ffbe839a000 	C:\WINDOWS\SYSTEM32\VERSION.dll
0x00007ffbedfa0000 - 0x00007ffbedfc3000 	C:\WINDOWS\SYSTEM32\WINMM.dll
0x00007ffbf59a0000 - 0x00007ffbf5a0c000 	C:\WINDOWS\System32\WS2_32.dll
0x00007ffbedf70000 - 0x00007ffbedf9a000 	C:\WINDOWS\SYSTEM32\winmmbase.dll
0x00007ffbf2e20000 - 0x00007ffbf2e69000 	C:\WINDOWS\System32\cfgmgr32.dll
0x00007ffbe21e0000 - 0x00007ffbe21ef000 	C:\Program Files\Android\Android Studio\jre\jre\bin\verify.dll
0x00007ffbe06f0000 - 0x00007ffbe0719000 	C:\Program Files\Android\Android Studio\jre\jre\bin\java.dll
0x00007ffbe06d0000 - 0x00007ffbe06e6000 	C:\Program Files\Android\Android Studio\jre\jre\bin\zip.dll
0x00007ffbf4280000 - 0x00007ffbf56c0000 	C:\WINDOWS\System32\SHELL32.dll
0x00007ffbf3a30000 - 0x00007ffbf3ad9000 	C:\WINDOWS\System32\shcore.dll
0x00007ffbf3250000 - 0x00007ffbf395d000 	C:\WINDOWS\System32\windows.storage.dll
0x00007ffbf6060000 - 0x00007ffbf60b1000 	C:\WINDOWS\System32\shlwapi.dll
0x00007ffbf2880000 - 0x00007ffbf2891000 	C:\WINDOWS\System32\kernel.appcore.dll
0x00007ffbf2860000 - 0x00007ffbf287f000 	C:\WINDOWS\System32\profapi.dll
0x00007ffbf2810000 - 0x00007ffbf285c000 	C:\WINDOWS\System32\powrprof.dll
0x00007ffbf2800000 - 0x00007ffbf280a000 	C:\WINDOWS\System32\FLTLIB.DLL
0x00007ffbe06b0000 - 0x00007ffbe06ca000 	C:\Program Files\Android\Android Studio\jre\jre\bin\net.dll
0x00007ffbf2060000 - 0x00007ffbf20c6000 	C:\WINDOWS\system32\mswsock.dll
0x00007ffbe0690000 - 0x00007ffbe06a1000 	C:\Program Files\Android\Android Studio\jre\jre\bin\nio.dll
0x00007ffbe4b50000 - 0x00007ffbe4b6e000 	C:\Users\Student\.gradle\native\25\windows-amd64\native-platform.dll
0x00007ffbdfc10000 - 0x00007ffbdfc1d000 	C:\Program Files\Android\Android Studio\jre\jre\bin\management.dll
0x00007ffbf2210000 - 0x00007ffbf2227000 	C:\WINDOWS\SYSTEM32\CRYPTSP.dll
0x00007ffbf1c40000 - 0x00007ffbf1c73000 	C:\WINDOWS\system32\rsaenh.dll
0x00007ffbf2340000 - 0x00007ffbf2365000 	C:\WINDOWS\SYSTEM32\bcrypt.dll
0x00007ffbf26e0000 - 0x00007ffbf2708000 	C:\WINDOWS\SYSTEM32\USERENV.dll
0x00007ffbf2230000 - 0x00007ffbf223b000 	C:\WINDOWS\SYSTEM32\CRYPTBASE.dll
0x00007ffbf1de0000 - 0x00007ffbf1e18000 	C:\WINDOWS\SYSTEM32\IPHLPAPI.DLL
0x00007ffbf40f0000 - 0x00007ffbf40f8000 	C:\WINDOWS\System32\NSI.dll
0x00007ffbee650000 - 0x00007ffbee666000 	C:\WINDOWS\SYSTEM32\dhcpcsvc6.DLL
0x00007ffbee630000 - 0x00007ffbee64a000 	C:\WINDOWS\SYSTEM32\dhcpcsvc.DLL

VM Arguments:
jvm_args: -Xmx1536m -Dfile.encoding=windows-1252 -Duser.country=US -Duser.language=en -Duser.variant 
java_command: org.gradle.launcher.daemon.bootstrap.GradleDaemon 5.1.1
java_class_path (initial): C:\Users\Student\.gradle\wrapper\dists\gradle-5.1.1-all\97z1ksx6lirer3kbvdnh7jtjg\gradle-5.1.1\lib\gradle-launcher-5.1.1.jar
Launcher Type: SUN_STANDARD

Environment Variables:
JAVA_HOME=C:\Program Files\Java\jdk-12.0.2
PATH=C:\Program Files\MATLAB\R2018a\bin;C:\Program Files\MATLAB\R2018a\bin\win64;C:\Program Files\Microsoft MPI\Bin\;C:\Perl\site\bin;C:\Perl\bin;C:\Program Files (x86)\ActiveState Komodo Edit 11\;C:\WINDOWS\system32;C:\WINDOWS;C:\WINDOWS\System32\Wbem;C:\WINDOWS\System32\WindowsPowerShell\v1.0\;C:\Program Files\Microsoft SQL Server\130\Tools\Binn\;C:\WINDOWS\System32\OpenSSH\;C:\Program Files\PowerShell\6-preview\preview;C:\Program Files\Microsoft VS Code\bin;C:\Apache\bin;C:\Program Files\MATLAB\R2018a\runtime\win64;C:\Users\config\AppData\Local\Microsoft\WindowsApps;C:\Program Files (x86)\Nmap;C:\Users\config\AppData\Local\Programs\Microsoft VS Code\bin;C:\Program Files\PuTTY\;C:\Program Files\Microsoft SQL Server\Client SDK\ODBC\130\Tools\Binn\;C:\Program Files (x86)\Microsoft SQL Server\140\Tools\Binn\;C:\Program Files\Microsoft SQL Server\140\Tools\Binn\;C:\Program Files\Microsoft SQL Server\140\DTS\Binn\;C:\Program Files (x86)\Microsoft SQL Server\150\DTS\Binn\;C:\Program Files\Amazon\AWSCLI\bin\;C:\Python27amd64;C:\Program Files\Java\jdk-12.0.2;C:\Program Files\Java\jdk-12.0.2\bin;C:\Users\Student\AppData\Local\Microsoft\WindowsApps;C:\Users\Student\AppData\Local\Programs\Git\cmd;C:\Users\Student\Programs\javaprograms;
USERNAME=Student
OS=Windows_NT
PROCESSOR_IDENTIFIER=Intel64 Family 6 Model 158 Stepping 10, GenuineIntel



---------------  S Y S T E M  ---------------

OS: Windows 10.0 , 64 bit Build 17134 (10.0.17134.1)

CPU:total 12 (initial active 12) (6 cores per cpu, 2 threads per core) family 6 model 158 stepping 10, cmov, cx8, fxsr, mmx, sse, sse2, sse3, ssse3, sse4.1, sse4.2, popcnt, avx, avx2, aes, clmul, erms, rtm, 3dnowpref, lzcnt, ht, tsc, tscinvbit, bmi1, bmi2, adx

Memory: 4k page, physical 16567868k(1402784k free), swap 16567868k(5424k free)

vm_info: OpenJDK 64-Bit Server VM (25.152-b01) for windows-amd64 JRE (1.8.0_152-release-1343-b01), built by "builder" with MS VC++ 10.0 (VS2010)

time: Tue Dec 03 19:54:27 2019
elapsed time: 253 seconds (0d 0h 4m 13s)

